a_coll: p-value = 0.5008
a_tent: p-value = 0.4459
v_coll: p-value = 0.7987
v_tent: p-value = 0.0873
PFAM ids present in Ventox database:
  PF00007
  PF00008
  PF00014
  PF00023
  PF00031
  PF00049
  PF00050
  PF00057
  PF00059
  PF00068
  PF00086
  PF00087
  PF00089
  PF00090
  PF00095
  PF00123
  PF00135
  PF00147
  PF00149
  PF00151
  PF00159
  PF00184
  PF00188
  PF00200
  PF00207
  PF00212
  PF00219
  PF00220
  PF00243
  PF00299
  PF00322
  PF00326
  PF00328
  PF00341
  PF00450
  PF00451
  PF00537
  PF00561
  PF00594
  PF00622
  PF00666
  PF00706
  PF00711
  PF00754
  PF00819
  PF00838
  PF00890
  PF00918
  PF00930
  PF01033
  PF01097
  PF01112
  PF01147
  PF01160
  PF01204
  PF01223
  PF01372
  PF01391
  PF01400
  PF01421
  PF01431
  PF01477
  PF01549
  PF01562
  PF01593
  PF01630
  PF01663
  PF01759
  PF01821
  PF01823
  PF01826
  PF01835
  PF01937
  PF02819
  PF02872
  PF02950
  PF03032
  PF03045
  PF03265
  PF03318
  PF04389
  PF04916
  PF05039
  PF05294
  PF05298
  PF05353
  PF05374
  PF05375
  PF05453
  PF05649
  PF05826
  PF05980
  PF06357
  PF06369
  PF06457
  PF06462
  PF06607
  PF06753
  PF07365
  PF07425
  PF07442
  PF07473
  PF07648
  PF07677
  PF07678
  PF07703
  PF07732
  PF07740
  PF07822
  PF07829
  PF07936
  PF07945
  PF08024
  PF08025
  PF08036
  PF08086
  PF08088
  PF08089
  PF08091
  PF08092
  PF08093
  PF08094
  PF08095
  PF08096
  PF08097
  PF08098
  PF08099
  PF08102
  PF08104
  PF08115
  PF08116
  PF08117
  PF08119
  PF08120
  PF08121
  PF08131
  PF08249
  PF08251
  PF08396
  PF08516
  PF08562
  PF08674
  PF10279
  PF10530
  PF10550
  PF10569
  PF11901
  PF12032
  PF12796
  PF13202
  PF13499
  PF13606
  PF13637
  PF13653
  PF13688
  PF13765
  PF13833
  PF13857
  PF13927
  PF14554
  PF14670
  PF14866
  PF15430
  PF16975
  PF16981
  PF17454
  PF17486
  PF17491
  PF17492
  PF17499
  PF17521
  PF17556
  PF17557
  PF17563

PFAM ids present in adhesive dataset:
  PF00008
  PF00092
  PF00094
  PF00095
  PF00754
  PF01391
  PF01607
  PF01826
  PF02140
  PF04202
  PF05375
  PF07645
  PF08742
  PF12042
  PF12248
  PF12661
  PF12714

PFAM ids present in colloblast candidates:
  PF00001
  PF00005
  PF00047
  PF00067
  PF00069
  PF00078
  PF00084
  PF00086
  PF00090
  PF00094
  PF00096
  PF00104
  PF00112
  PF00194
  PF00209
  PF00278
  PF00335
  PF00337
  PF00339
  PF00462
  PF00520
  PF00530
  PF00531
  PF00536
  PF00595
  PF00609
  PF00685
  PF00781
  PF01156
  PF01223
  PF01453
  PF01467
  PF01556
  PF01823
  PF02714
  PF02752
  PF03073
  PF03114
  PF03567
  PF03712
  PF03732
  PF04146
  PF04547
  PF05978
  PF06462
  PF07247
  PF07645
  PF07654
  PF07679
  PF07714
  PF07859
  PF10294
  PF10856
  PF12796
  PF12999
  PF13306
  PF13639
  PF13676
  PF13847
  PF13855
  PF13920
  PF13927
  PF13967
  PF14295
  PF14497
  PF14703
  PF16178

PFAM ids present in tentacle candidates:
  PF00001
  PF00002
  PF00005
  PF00017
  PF00023
  PF00046
  PF00047
  PF00050
  PF00059
  PF00060
  PF00071
  PF00076
  PF00078
  PF00083
  PF00084
  PF00086
  PF00090
  PF00094
  PF00096
  PF00100
  PF00112
  PF00209
  PF00335
  PF00339
  PF00520
  PF00685
  PF00728
  PF00787
  PF00858
  PF00892
  PF01094
  PF01153
  PF01490
  PF01549
  PF01607
  PF01753
  PF01823
  PF02089
  PF02141
  PF02214
  PF02221
  PF02366
  PF02535
  PF02671
  PF02752
  PF02775
  PF02776
  PF02815
  PF03372
  PF03443
  PF03456
  PF03567
  PF03619
  PF04116
  PF04500
  PF04505
  PF04752
  PF04926
  PF04928
  PF05835
  PF07531
  PF07648
  PF07679
  PF07690
  PF07699
  PF07885
  PF08022
  PF08030
  PF08719
  PF10500
  PF10613
  PF11669
  PF12796
  PF13385
  PF13499
  PF13637
  PF13833
  PF13894
  PF14295
  PF15982
  PF16192
